<?xml version="1.0" encoding="UTF-8"?>
<!-- Generated by org.testng.reporters.JUnitReportReporter -->
<testsuite hostname="Rajajivignan" failures="0" tests="1" name="Automation.Test_one" time="18.192" errors="0" timestamp="2022-09-05T11:16:59 IST" skipped="0">
  <testcase classname="Automation.Test_one" name="basePageNavigation" time="18.192"/>
  <system-out/>
</testsuite> <!-- Automation.Test_one -->
